# JRE version: OpenJDK Runtime Environment (8.0_242-b01) (build 1.8.0_242-release-1644-b01)
# Java VM: OpenJDK 64-Bit Server VM (25.242-b01 mixed mode windows-amd64 compressed oops)
Heap:
 PSYoungGen      total 137728K, used 74580K [0x00000000d5580000, 0x00000000e2a80000, 0x0000000100000000)
  eden space 127488K, 58% used [0x00000000d5580000,0x00000000d9e55230,0x00000000dd200000)
  from space 10240K, 0% used [0x00000000dd200000,0x00000000dd200000,0x00000000ddc00000)
  to   space 12288K, 0% used [0x00000000e1e80000,0x00000000e1e80000,0x00000000e2a80000)
 ParOldGen       total 70656K, used 18613K [0x0000000080000000, 0x0000000084500000, 0x00000000d5580000)
  object space 70656K, 26% used [0x0000000080000000,0x000000008122d4e8,0x0000000084500000)
 Metaspace       used 37006K, capacity 38568K, committed 38744K, reserved 1083392K
  class space    used 5100K, capacity 5443K, committed 5504K, reserved 1048576K
GC Heap History (10 events):
Event: 8.194 GC heap before
{Heap before GC invocations=7 (full 0):
 PSYoungGen      total 75264K, used 10415K [0x00000000d5580000, 0x00000000dab80000, 0x0000000100000000)
  eden space 65536K, 2% used [0x00000000d5580000,0x00000000d56e6ff8,0x00000000d9580000)
  from space 9728K, 92% used [0x00000000da000000,0x00000000da8c4f50,0x00000000da980000)
  to   space 10752K, 0% used [0x00000000d9580000,0x00000000d9580000,0x00000000da000000)
 ParOldGen       total 87552K, used 5676K [0x0000000080000000, 0x0000000085580000, 0x00000000d5580000)
  object space 87552K, 6% used [0x0000000080000000,0x000000008058b1e8,0x0000000085580000)
 Metaspace       used 20452K, capacity 21146K, committed 21248K, reserved 1067008K
  class space    used 2848K, capacity 3033K, committed 3072K, reserved 1048576K
Event: 8.204 GC heap after
Heap after GC invocations=7 (full 0):
 PSYoungGen      total 76288K, used 4020K [0x00000000d5580000, 0x00000000dea80000, 0x0000000100000000)
  eden space 65536K, 0% used [0x00000000d5580000,0x00000000d5580000,0x00000000d9580000)
  from space 10752K, 37% used [0x00000000d9580000,0x00000000d996d040,0x00000000da000000)
  to   space 10752K, 0% used [0x00000000de000000,0x00000000de000000,0x00000000dea80000)
 ParOldGen       total 87552K, used 7984K [0x0000000080000000, 0x0000000085580000, 0x00000000d5580000)
  object space 87552K, 9% used [0x0000000080000000,0x00000000807cc248,0x0000000085580000)
 Metaspace       used 20452K, capacity 21146K, committed 21248K, reserved 1067008K
  class space    used 2848K, capacity 3033K, committed 3072K, reserved 1048576K
}
Event: 8.205 GC heap before
{Heap before GC invocations=8 (full 1):
 PSYoungGen      total 76288K, used 4020K [0x00000000d5580000, 0x00000000dea80000, 0x0000000100000000)
  eden space 65536K, 0% used [0x00000000d5580000,0x00000000d5580000,0x00000000d9580000)
  from space 10752K, 37% used [0x00000000d9580000,0x00000000d996d040,0x00000000da000000)
  to   space 10752K, 0% used [0x00000000de000000,0x00000000de000000,0x00000000dea80000)
 ParOldGen       total 87552K, used 7984K [0x0000000080000000, 0x0000000085580000, 0x00000000d5580000)
  object space 87552K, 9% used [0x0000000080000000,0x00000000807cc248,0x0000000085580000)
 Metaspace       used 20452K, capacity 21146K, committed 21248K, reserved 1067008K
  class space    used 2848K, capacity 3033K, committed 3072K, reserved 1048576K
Event: 8.257 GC heap after
Heap after GC invocations=8 (full 1):
 PSYoungGen      total 76288K, used 0K [0x00000000d5580000, 0x00000000dea80000, 0x0000000100000000)
  eden space 65536K, 0% used [0x00000000d5580000,0x00000000d5580000,0x00000000d9580000)
  from space 10752K, 0% used [0x00000000d9580000,0x00000000d9580000,0x00000000da000000)
  to   space 10752K, 0% used [0x00000000de000000,0x00000000de000000,0x00000000dea80000)
 ParOldGen       total 46592K, used 6684K [0x0000000080000000, 0x0000000082d80000, 0x00000000d5580000)
  object space 46592K, 14% used [0x0000000080000000,0x0000000080687030,0x0000000082d80000)
 Metaspace       used 20452K, capacity 21146K, committed 21248K, reserved 1067008K
  class space    used 2848K, capacity 3033K, committed 3072K, reserved 1048576K
}
Event: 9.579 GC heap before
{Heap before GC invocations=9 (full 1):
 PSYoungGen      total 76288K, used 65536K [0x00000000d5580000, 0x00000000dea80000, 0x0000000100000000)
  eden space 65536K, 100% used [0x00000000d5580000,0x00000000d9580000,0x00000000d9580000)
  from space 10752K, 0% used [0x00000000d9580000,0x00000000d9580000,0x00000000da000000)
  to   space 10752K, 0% used [0x00000000de000000,0x00000000de000000,0x00000000dea80000)
 ParOldGen       total 46592K, used 6684K [0x0000000080000000, 0x0000000082d80000, 0x00000000d5580000)
  object space 46592K, 14% used [0x0000000080000000,0x0000000080687030,0x0000000082d80000)
 Metaspace       used 25005K, capacity 26010K, committed 26112K, reserved 1071104K
  class space    used 3571K, capacity 3819K, committed 3840K, reserved 1048576K
Event: 9.592 GC heap after
Heap after GC invocations=9 (full 1):
 PSYoungGen      total 131584K, used 6040K [0x00000000d5580000, 0x00000000de600000, 0x0000000100000000)
  eden space 125440K, 0% used [0x00000000d5580000,0x00000000d5580000,0x00000000dd000000)
  from space 6144K, 98% used [0x00000000de000000,0x00000000de5e61e0,0x00000000de600000)
  to   space 10240K, 0% used [0x00000000dd200000,0x00000000dd200000,0x00000000ddc00000)
 ParOldGen       total 46592K, used 6692K [0x0000000080000000, 0x0000000082d80000, 0x00000000d5580000)
  object space 46592K, 14% used [0x0000000080000000,0x0000000080689030,0x0000000082d80000)
 Metaspace       used 25005K, capacity 26010K, committed 26112K, reserved 1071104K
  class space    used 3571K, capacity 3819K, committed 3840K, reserved 1048576K
}
Event: 11.671 GC heap before
{Heap before GC invocations=10 (full 1):
 PSYoungGen      total 131584K, used 98520K [0x00000000d5580000, 0x00000000de600000, 0x0000000100000000)
  eden space 125440K, 73% used [0x00000000d5580000,0x00000000dafcfe50,0x00000000dd000000)
  from space 6144K, 98% used [0x00000000de000000,0x00000000de5e61e0,0x00000000de600000)
  to   space 10240K, 0% used [0x00000000dd200000,0x00000000dd200000,0x00000000ddc00000)
 ParOldGen       total 46592K, used 6692K [0x0000000080000000, 0x0000000082d80000, 0x00000000d5580000)
  object space 46592K, 14% used [0x0000000080000000,0x0000000080689030,0x0000000082d80000)
 Metaspace       used 34018K, capacity 35282K, committed 35416K, reserved 1079296K
  class space    used 4601K, capacity 4912K, committed 4992K, reserved 1048576K
Event: 11.722 GC heap after
Heap after GC invocations=10 (full 1):
 PSYoungGen      total 137728K, used 10234K [0x00000000d5580000, 0x00000000e2a80000, 0x0000000100000000)
  eden space 127488K, 0% used [0x00000000d5580000,0x00000000d5580000,0x00000000dd200000)
  from space 10240K, 99% used [0x00000000dd200000,0x00000000ddbfe860,0x00000000ddc00000)
  to   space 12288K, 0% used [0x00000000e1e80000,0x00000000e1e80000,0x00000000e2a80000)
 ParOldGen       total 46592K, used 8846K [0x0000000080000000, 0x0000000082d80000, 0x00000000d5580000)
  object space 46592K, 18% used [0x0000000080000000,0x00000000808a3aa8,0x0000000082d80000)
 Metaspace       used 34018K, capacity 35282K, committed 35416K, reserved 1079296K
  class space    used 4601K, capacity 4912K, committed 4992K, reserved 1048576K
}
Event: 11.722 GC heap before
{Heap before GC invocations=11 (full 2):
 PSYoungGen      total 137728K, used 10234K [0x00000000d5580000, 0x00000000e2a80000, 0x0000000100000000)
  eden space 127488K, 0% used [0x00000000d5580000,0x00000000d5580000,0x00000000dd200000)
  from space 10240K, 99% used [0x00000000dd200000,0x00000000ddbfe860,0x00000000ddc00000)
  to   space 12288K, 0% used [0x00000000e1e80000,0x00000000e1e80000,0x00000000e2a80000)
 ParOldGen       total 46592K, used 8846K [0x0000000080000000, 0x0000000082d80000, 0x00000000d5580000)
  object space 46592K, 18% used [0x0000000080000000,0x00000000808a3aa8,0x0000000082d80000)
 Metaspace       used 34018K, capacity 35282K, committed 35416K, reserved 1079296K
  class space    used 4601K, capacity 4912K, committed 4992K, reserved 1048576K
Event: 11.900 GC heap after
Heap after GC invocations=11 (full 2):
 PSYoungGen      total 137728K, used 0K [0x00000000d5580000, 0x00000000e2a80000, 0x0000000100000000)
  eden space 127488K, 0% used [0x00000000d5580000,0x00000000d5580000,0x00000000dd200000)
  from space 10240K, 0% used [0x00000000dd200000,0x00000000dd200000,0x00000000ddc00000)
  to   space 12288K, 0% used [0x00000000e1e80000,0x00000000e1e80000,0x00000000e2a80000)
 ParOldGen       total 70656K, used 18613K [0x0000000080000000, 0x0000000084500000, 0x00000000d5580000)
  object space 70656K, 26% used [0x0000000080000000,0x000000008122d4e8,0x0000000084500000)
 Metaspace       used 34018K, capacity 35282K, committed 35416K, reserved 1079296K
  class space    used 4601K, capacity 4912K, committed 4992K, reserved 1048576K
}

