# JRE version: OpenJDK Runtime Environment (8.0_242-b01) (build 1.8.0_242-release-1644-b01)
# Java VM: OpenJDK 64-Bit Server VM (25.242-b01 mixed mode windows-amd64 compressed oops)
Heap:
 PSYoungGen      total 601088K, used 540964K [0x00000000d5580000, 0x0000000100000000, 0x0000000100000000)
  eden space 567808K, 95% used [0x00000000d5580000,0x00000000f65c9388,0x00000000f8000000)
  from space 33280K, 0% used [0x00000000fdf80000,0x00000000fdf80000,0x0000000100000000)
  to   space 65536K, 0% used [0x00000000f8000000,0x00000000f8000000,0x00000000fc000000)
 ParOldGen       total 292864K, used 118059K [0x0000000080000000, 0x0000000091e00000, 0x00000000d5580000)
  object space 292864K, 40% used [0x0000000080000000,0x000000008734ac40,0x0000000091e00000)
 Metaspace       used 166433K, capacity 175425K, committed 175700K, reserved 1202176K
  class space    used 21773K, capacity 23581K, committed 23660K, reserved 1048576K
GC Heap History (10 events):
Event: 106.450 GC heap before
{Heap before GC invocations=31 (full 4):
 PSYoungGen      total 645632K, used 18329K [0x00000000d5580000, 0x0000000100000000, 0x0000000100000000)
  eden space 611840K, 0% used [0x00000000d5580000,0x00000000d5580000,0x00000000fab00000)
  from space 33792K, 54% used [0x00000000fab00000,0x00000000fbce65e0,0x00000000fcc00000)
  to   space 32768K, 0% used [0x00000000fe000000,0x00000000fe000000,0x0000000100000000)
 ParOldGen       total 114688K, used 84925K [0x0000000080000000, 0x0000000087000000, 0x00000000d5580000)
  object space 114688K, 74% used [0x0000000080000000,0x00000000852ef4a0,0x0000000087000000)
 Metaspace       used 93445K, capacity 98458K, committed 98584K, reserved 1134592K
  class space    used 12398K, capacity 13321K, committed 13360K, reserved 1048576K
Event: 106.765 GC heap after
Heap after GC invocations=31 (full 4):
 PSYoungGen      total 645632K, used 0K [0x00000000d5580000, 0x0000000100000000, 0x0000000100000000)
  eden space 611840K, 0% used [0x00000000d5580000,0x00000000d5580000,0x00000000fab00000)
  from space 33792K, 0% used [0x00000000fab00000,0x00000000fab00000,0x00000000fcc00000)
  to   space 32768K, 0% used [0x00000000fe000000,0x00000000fe000000,0x0000000100000000)
 ParOldGen       total 192000K, used 70213K [0x0000000080000000, 0x000000008bb80000, 0x00000000d5580000)
  object space 192000K, 36% used [0x0000000080000000,0x0000000084491688,0x000000008bb80000)
 Metaspace       used 93231K, capacity 97884K, committed 98584K, reserved 1134592K
  class space    used 12324K, capacity 13190K, committed 13360K, reserved 1048576K
}
Event: 304.100 GC heap before
{Heap before GC invocations=32 (full 4):
 PSYoungGen      total 645632K, used 611840K [0x00000000d5580000, 0x0000000100000000, 0x0000000100000000)
  eden space 611840K, 100% used [0x00000000d5580000,0x00000000fab00000,0x00000000fab00000)
  from space 33792K, 0% used [0x00000000fab00000,0x00000000fab00000,0x00000000fcc00000)
  to   space 32768K, 0% used [0x00000000fe000000,0x00000000fe000000,0x0000000100000000)
 ParOldGen       total 192000K, used 70213K [0x0000000080000000, 0x000000008bb80000, 0x00000000d5580000)
  object space 192000K, 36% used [0x0000000080000000,0x0000000084491688,0x000000008bb80000)
 Metaspace       used 99932K, capacity 104962K, committed 105240K, reserved 1140736K
  class space    used 12920K, capacity 13825K, committed 13872K, reserved 1048576K
Event: 304.180 GC heap after
Heap after GC invocations=32 (full 4):
 PSYoungGen      total 665088K, used 21292K [0x00000000d5580000, 0x0000000100000000, 0x0000000100000000)
  eden space 632320K, 0% used [0x00000000d5580000,0x00000000d5580000,0x00000000fbf00000)
  from space 32768K, 64% used [0x00000000fe000000,0x00000000ff4cb028,0x0000000100000000)
  to   space 33280K, 0% used [0x00000000fbf00000,0x00000000fbf00000,0x00000000fdf80000)
 ParOldGen       total 192000K, used 70221K [0x0000000080000000, 0x000000008bb80000, 0x00000000d5580000)
  object space 192000K, 36% used [0x0000000080000000,0x0000000084493688,0x000000008bb80000)
 Metaspace       used 99932K, capacity 104962K, committed 105240K, reserved 1140736K
  class space    used 12920K, capacity 13825K, committed 13872K, reserved 1048576K
}
Event: 989.939 GC heap before
{Heap before GC invocations=33 (full 4):
 PSYoungGen      total 665088K, used 653612K [0x00000000d5580000, 0x0000000100000000, 0x0000000100000000)
  eden space 632320K, 100% used [0x00000000d5580000,0x00000000fbf00000,0x00000000fbf00000)
  from space 32768K, 64% used [0x00000000fe000000,0x00000000ff4cb028,0x0000000100000000)
  to   space 33280K, 0% used [0x00000000fbf00000,0x00000000fbf00000,0x00000000fdf80000)
 ParOldGen       total 192000K, used 70221K [0x0000000080000000, 0x000000008bb80000, 0x00000000d5580000)
  object space 192000K, 36% used [0x0000000080000000,0x0000000084493688,0x000000008bb80000)
 Metaspace       used 127652K, capacity 134710K, committed 134808K, reserved 1165312K
  class space    used 16741K, capacity 18073K, committed 18096K, reserved 1048576K
Event: 990.105 GC heap after
Heap after GC invocations=33 (full 4):
 PSYoungGen      total 665600K, used 33276K [0x00000000d5580000, 0x0000000100000000, 0x0000000100000000)
  eden space 632320K, 0% used [0x00000000d5580000,0x00000000d5580000,0x00000000fbf00000)
  from space 33280K, 99% used [0x00000000fbf00000,0x00000000fdf7f0a0,0x00000000fdf80000)
  to   space 33280K, 0% used [0x00000000fdf80000,0x00000000fdf80000,0x0000000100000000)
 ParOldGen       total 192000K, used 92611K [0x0000000080000000, 0x000000008bb80000, 0x00000000d5580000)
  object space 192000K, 48% used [0x0000000080000000,0x0000000085a70e68,0x000000008bb80000)
 Metaspace       used 127652K, capacity 134710K, committed 134808K, reserved 1165312K
  class space    used 16741K, capacity 18073K, committed 18096K, reserved 1048576K
}
Event: 1208.383 GC heap before
{Heap before GC invocations=34 (full 4):
 PSYoungGen      total 665600K, used 497335K [0x00000000d5580000, 0x0000000100000000, 0x0000000100000000)
  eden space 632320K, 73% used [0x00000000d5580000,0x00000000f1aaeef8,0x00000000fbf00000)
  from space 33280K, 99% used [0x00000000fbf00000,0x00000000fdf7f0a0,0x00000000fdf80000)
  to   space 33280K, 0% used [0x00000000fdf80000,0x00000000fdf80000,0x0000000100000000)
 ParOldGen       total 192000K, used 92611K [0x0000000080000000, 0x000000008bb80000, 0x00000000d5580000)
  object space 192000K, 48% used [0x0000000080000000,0x0000000085a70e68,0x000000008bb80000)
 Metaspace       used 155724K, capacity 164183K, committed 164308K, reserved 1191936K
  class space    used 20553K, capacity 22252K, committed 22252K, reserved 1048576K
Event: 1208.612 GC heap after
Heap after GC invocations=34 (full 4):
 PSYoungGen      total 601088K, used 33269K [0x00000000d5580000, 0x0000000100000000, 0x0000000100000000)
  eden space 567808K, 0% used [0x00000000d5580000,0x00000000d5580000,0x00000000f8000000)
  from space 33280K, 99% used [0x00000000fdf80000,0x00000000ffffd738,0x0000000100000000)
  to   space 65536K, 0% used [0x00000000f8000000,0x00000000f8000000,0x00000000fc000000)
 ParOldGen       total 192000K, used 139422K [0x0000000080000000, 0x000000008bb80000, 0x00000000d5580000)
  object space 192000K, 72% used [0x0000000080000000,0x0000000088827828,0x000000008bb80000)
 Metaspace       used 155724K, capacity 164183K, committed 164308K, reserved 1191936K
  class space    used 20553K, capacity 22252K, committed 22252K, reserved 1048576K
}
Event: 1208.612 GC heap before
{Heap before GC invocations=35 (full 5):
 PSYoungGen      total 601088K, used 33269K [0x00000000d5580000, 0x0000000100000000, 0x0000000100000000)
  eden space 567808K, 0% used [0x00000000d5580000,0x00000000d5580000,0x00000000f8000000)
  from space 33280K, 99% used [0x00000000fdf80000,0x00000000ffffd738,0x0000000100000000)
  to   space 65536K, 0% used [0x00000000f8000000,0x00000000f8000000,0x00000000fc000000)
 ParOldGen       total 192000K, used 139422K [0x0000000080000000, 0x000000008bb80000, 0x00000000d5580000)
  object space 192000K, 72% used [0x0000000080000000,0x0000000088827828,0x000000008bb80000)
 Metaspace       used 155724K, capacity 164183K, committed 164308K, reserved 1191936K
  class space    used 20553K, capacity 22252K, committed 22252K, reserved 1048576K
Event: 1210.703 GC heap after
Heap after GC invocations=35 (full 5):
 PSYoungGen      total 601088K, used 0K [0x00000000d5580000, 0x0000000100000000, 0x0000000100000000)
  eden space 567808K, 0% used [0x00000000d5580000,0x00000000d5580000,0x00000000f8000000)
  from space 33280K, 0% used [0x00000000fdf80000,0x00000000fdf80000,0x0000000100000000)
  to   space 65536K, 0% used [0x00000000f8000000,0x00000000f8000000,0x00000000fc000000)
 ParOldGen       total 292864K, used 118059K [0x0000000080000000, 0x0000000091e00000, 0x00000000d5580000)
  object space 292864K, 40% used [0x0000000080000000,0x000000008734ac40,0x0000000091e00000)
 Metaspace       used 155495K, capacity 163779K, committed 164308K, reserved 1191936K
  class space    used 20485K, capacity 22171K, committed 22252K, reserved 1048576K
}

