# JRE version: OpenJDK Runtime Environment (8.0_242-b01) (build 1.8.0_242-release-1644-b01)
# Java VM: OpenJDK 64-Bit Server VM (25.242-b01 mixed mode windows-amd64 compressed oops)
Heap:
 PSYoungGen      total 138240K, used 101514K [0x00000000d5580000, 0x00000000e4100000, 0x0000000100000000)
  eden space 122368K, 82% used [0x00000000d5580000,0x00000000db8a2be0,0x00000000dcd00000)
  from space 15872K, 0% used [0x00000000dcd00000,0x00000000dcd00000,0x00000000ddc80000)
  to   space 14848K, 0% used [0x00000000e3280000,0x00000000e3280000,0x00000000e4100000)
 ParOldGen       total 56320K, used 15399K [0x0000000080000000, 0x0000000083700000, 0x00000000d5580000)
  object space 56320K, 27% used [0x0000000080000000,0x0000000080f09d98,0x0000000083700000)
 Metaspace       used 37498K, capacity 39034K, committed 39336K, reserved 1083392K
  class space    used 5173K, capacity 5488K, committed 5552K, reserved 1048576K
GC Heap History (10 events):
Event: 3.906 GC heap before
{Heap before GC invocations=5 (full 0):
 PSYoungGen      total 138240K, used 17084K [0x00000000d5580000, 0x00000000de180000, 0x0000000100000000)
  eden space 133120K, 8% used [0x00000000d5580000,0x00000000d6132080,0x00000000dd780000)
  from space 5120K, 99% used [0x00000000ddc80000,0x00000000de17d060,0x00000000de180000)
  to   space 5120K, 0% used [0x00000000dd780000,0x00000000dd780000,0x00000000ddc80000)
 ParOldGen       total 87552K, used 10114K [0x0000000080000000, 0x0000000085580000, 0x00000000d5580000)
  object space 87552K, 11% used [0x0000000080000000,0x00000000809e0b50,0x0000000085580000)
 Metaspace       used 20580K, capacity 21224K, committed 21296K, reserved 1067008K
  class space    used 2873K, capacity 3076K, committed 3120K, reserved 1048576K
Event: 3.921 GC heap after
Heap after GC invocations=5 (full 0):
 PSYoungGen      total 138240K, used 5108K [0x00000000d5580000, 0x00000000de180000, 0x0000000100000000)
  eden space 133120K, 0% used [0x00000000d5580000,0x00000000d5580000,0x00000000dd780000)
  from space 5120K, 99% used [0x00000000dd780000,0x00000000ddc7d060,0x00000000ddc80000)
  to   space 5120K, 0% used [0x00000000ddc80000,0x00000000ddc80000,0x00000000de180000)
 ParOldGen       total 87552K, used 10905K [0x0000000080000000, 0x0000000085580000, 0x00000000d5580000)
  object space 87552K, 12% used [0x0000000080000000,0x0000000080aa64f0,0x0000000085580000)
 Metaspace       used 20580K, capacity 21224K, committed 21296K, reserved 1067008K
  class space    used 2873K, capacity 3076K, committed 3120K, reserved 1048576K
}
Event: 3.921 GC heap before
{Heap before GC invocations=6 (full 1):
 PSYoungGen      total 138240K, used 5108K [0x00000000d5580000, 0x00000000de180000, 0x0000000100000000)
  eden space 133120K, 0% used [0x00000000d5580000,0x00000000d5580000,0x00000000dd780000)
  from space 5120K, 99% used [0x00000000dd780000,0x00000000ddc7d060,0x00000000ddc80000)
  to   space 5120K, 0% used [0x00000000ddc80000,0x00000000ddc80000,0x00000000de180000)
 ParOldGen       total 87552K, used 10905K [0x0000000080000000, 0x0000000085580000, 0x00000000d5580000)
  object space 87552K, 12% used [0x0000000080000000,0x0000000080aa64f0,0x0000000085580000)
 Metaspace       used 20580K, capacity 21224K, committed 21296K, reserved 1067008K
  class space    used 2873K, capacity 3076K, committed 3120K, reserved 1048576K
Event: 3.977 GC heap after
Heap after GC invocations=6 (full 1):
 PSYoungGen      total 138240K, used 0K [0x00000000d5580000, 0x00000000de180000, 0x0000000100000000)
  eden space 133120K, 0% used [0x00000000d5580000,0x00000000d5580000,0x00000000dd780000)
  from space 5120K, 0% used [0x00000000dd780000,0x00000000dd780000,0x00000000ddc80000)
  to   space 5120K, 0% used [0x00000000ddc80000,0x00000000ddc80000,0x00000000de180000)
 ParOldGen       total 56320K, used 7260K [0x0000000080000000, 0x0000000083700000, 0x00000000d5580000)
  object space 56320K, 12% used [0x0000000080000000,0x0000000080717008,0x0000000083700000)
 Metaspace       used 20580K, capacity 21224K, committed 21296K, reserved 1067008K
  class space    used 2873K, capacity 3076K, committed 3120K, reserved 1048576K
}
Event: 5.709 GC heap before
{Heap before GC invocations=7 (full 1):
 PSYoungGen      total 138240K, used 133120K [0x00000000d5580000, 0x00000000de180000, 0x0000000100000000)
  eden space 133120K, 100% used [0x00000000d5580000,0x00000000dd780000,0x00000000dd780000)
  from space 5120K, 0% used [0x00000000dd780000,0x00000000dd780000,0x00000000ddc80000)
  to   space 5120K, 0% used [0x00000000ddc80000,0x00000000ddc80000,0x00000000de180000)
 ParOldGen       total 56320K, used 7260K [0x0000000080000000, 0x0000000083700000, 0x00000000d5580000)
  object space 56320K, 12% used [0x0000000080000000,0x0000000080717008,0x0000000083700000)
 Metaspace       used 32884K, capacity 33954K, committed 34224K, reserved 1079296K
  class space    used 4492K, capacity 4758K, committed 4784K, reserved 1048576K
Event: 5.730 GC heap after
Heap after GC invocations=7 (full 1):
 PSYoungGen      total 127488K, used 5120K [0x00000000d5580000, 0x00000000e5200000, 0x0000000100000000)
  eden space 122368K, 0% used [0x00000000d5580000,0x00000000d5580000,0x00000000dcd00000)
  from space 5120K, 100% used [0x00000000ddc80000,0x00000000de180000,0x00000000de180000)
  to   space 15872K, 0% used [0x00000000dcd00000,0x00000000dcd00000,0x00000000ddc80000)
 ParOldGen       total 56320K, used 16273K [0x0000000080000000, 0x0000000083700000, 0x00000000d5580000)
  object space 56320K, 28% used [0x0000000080000000,0x0000000080fe4700,0x0000000083700000)
 Metaspace       used 32884K, capacity 33954K, committed 34224K, reserved 1079296K
  class space    used 4492K, capacity 4758K, committed 4784K, reserved 1048576K
}
Event: 6.082 GC heap before
{Heap before GC invocations=8 (full 1):
 PSYoungGen      total 127488K, used 38636K [0x00000000d5580000, 0x00000000e5200000, 0x0000000100000000)
  eden space 122368K, 27% used [0x00000000d5580000,0x00000000d763b3e0,0x00000000dcd00000)
  from space 5120K, 100% used [0x00000000ddc80000,0x00000000de180000,0x00000000de180000)
  to   space 15872K, 0% used [0x00000000dcd00000,0x00000000dcd00000,0x00000000ddc80000)
 ParOldGen       total 56320K, used 16273K [0x0000000080000000, 0x0000000083700000, 0x00000000d5580000)
  object space 56320K, 28% used [0x0000000080000000,0x0000000080fe4700,0x0000000083700000)
 Metaspace       used 34261K, capacity 35444K, committed 35496K, reserved 1079296K
  class space    used 4717K, capacity 5033K, committed 5040K, reserved 1048576K
Event: 6.101 GC heap after
Heap after GC invocations=8 (full 1):
 PSYoungGen      total 138240K, used 7110K [0x00000000d5580000, 0x00000000e4100000, 0x0000000100000000)
  eden space 122368K, 0% used [0x00000000d5580000,0x00000000d5580000,0x00000000dcd00000)
  from space 15872K, 44% used [0x00000000dcd00000,0x00000000dd3f1b28,0x00000000ddc80000)
  to   space 14848K, 0% used [0x00000000e3280000,0x00000000e3280000,0x00000000e4100000)
 ParOldGen       total 56320K, used 16273K [0x0000000080000000, 0x0000000083700000, 0x00000000d5580000)
  object space 56320K, 28% used [0x0000000080000000,0x0000000080fe4700,0x0000000083700000)
 Metaspace       used 34261K, capacity 35444K, committed 35496K, reserved 1079296K
  class space    used 4717K, capacity 5033K, committed 5040K, reserved 1048576K
}
Event: 6.101 GC heap before
{Heap before GC invocations=9 (full 2):
 PSYoungGen      total 138240K, used 7110K [0x00000000d5580000, 0x00000000e4100000, 0x0000000100000000)
  eden space 122368K, 0% used [0x00000000d5580000,0x00000000d5580000,0x00000000dcd00000)
  from space 15872K, 44% used [0x00000000dcd00000,0x00000000dd3f1b28,0x00000000ddc80000)
  to   space 14848K, 0% used [0x00000000e3280000,0x00000000e3280000,0x00000000e4100000)
 ParOldGen       total 56320K, used 16273K [0x0000000080000000, 0x0000000083700000, 0x00000000d5580000)
  object space 56320K, 28% used [0x0000000080000000,0x0000000080fe4700,0x0000000083700000)
 Metaspace       used 34261K, capacity 35444K, committed 35496K, reserved 1079296K
  class space    used 4717K, capacity 5033K, committed 5040K, reserved 1048576K
Event: 6.197 GC heap after
Heap after GC invocations=9 (full 2):
 PSYoungGen      total 138240K, used 0K [0x00000000d5580000, 0x00000000e4100000, 0x0000000100000000)
  eden space 122368K, 0% used [0x00000000d5580000,0x00000000d5580000,0x00000000dcd00000)
  from space 15872K, 0% used [0x00000000dcd00000,0x00000000dcd00000,0x00000000ddc80000)
  to   space 14848K, 0% used [0x00000000e3280000,0x00000000e3280000,0x00000000e4100000)
 ParOldGen       total 56320K, used 15399K [0x0000000080000000, 0x0000000083700000, 0x00000000d5580000)
  object space 56320K, 27% used [0x0000000080000000,0x0000000080f09d98,0x0000000083700000)
 Metaspace       used 34261K, capacity 35444K, committed 35496K, reserved 1079296K
  class space    used 4717K, capacity 5033K, committed 5040K, reserved 1048576K
}

